Obtaining gcp_library from git+https://github.com/Gegori1/gcloud_library#egg=gcp_library
  Updating /home/alber/env/src/gcp-library clone
  Running command git fetch -q --tags
  Running command git reset --hard -q 7c9826d54f020c9611d330ecc9a578467c9f33fe
  Preparing metadata (setup.py): started
  Preparing metadata (setup.py): finished with status 'done'
Requirement already satisfied: PyYAML>=6.0.2 in /home/alber/env/lib/python3.11/site-packages (from gcp_library) (6.0.2)
Requirement already satisfied: boto3>=1.26.0 in /home/alber/env/lib/python3.11/site-packages (from gcp_library) (1.39.9)
Requirement already satisfied: google-api-core>=2.24.1 in /home/alber/env/lib/python3.11/site-packages (from gcp_library) (2.25.1)
Requirement already satisfied: google-auth>=2.38.0 in /home/alber/env/lib/python3.11/site-packages (from gcp_library) (2.40.3)
Requirement already satisfied: google-cloud-compute>=1.25.0 in /home/alber/env/lib/python3.11/site-packages (from gcp_library) (1.33.0)
Requirement already satisfied: google-cloud-monitoring>=2.27.0 in /home/alber/env/lib/python3.11/site-packages (from gcp_library) (2.27.2)
Requirement already satisfied: google-cloud-storage>=2.5.0 in /home/alber/env/lib/python3.11/site-packages (from gcp_library) (3.2.0)
Requirement already satisfied: numpy>=1.21.0 in /home/alber/env/lib/python3.11/site-packages (from gcp_library) (2.3.1)
Requirement already satisfied: optuna>=3.0.0 in /home/alber/env/lib/python3.11/site-packages (from gcp_library) (4.4.0)
Requirement already satisfied: scikit-learn>=1.0.0 in /home/alber/env/lib/python3.11/site-packages (from gcp_library) (1.7.1)
Requirement already satisfied: botocore<1.40.0,>=1.39.9 in /home/alber/env/lib/python3.11/site-packages (from boto3>=1.26.0->gcp_library) (1.39.9)
Requirement already satisfied: jmespath<2.0.0,>=0.7.1 in /home/alber/env/lib/python3.11/site-packages (from boto3>=1.26.0->gcp_library) (1.0.1)
Requirement already satisfied: s3transfer<0.14.0,>=0.13.0 in /home/alber/env/lib/python3.11/site-packages (from boto3>=1.26.0->gcp_library) (0.13.1)
Requirement already satisfied: googleapis-common-protos<2.0.0,>=1.56.2 in /home/alber/env/lib/python3.11/site-packages (from google-api-core>=2.24.1->gcp_library) (1.70.0)
Requirement already satisfied: protobuf!=3.20.0,!=3.20.1,!=4.21.0,!=4.21.1,!=4.21.2,!=4.21.3,!=4.21.4,!=4.21.5,<7.0.0,>=3.19.5 in /home/alber/env/lib/python3.11/site-packages (from google-api-core>=2.24.1->gcp_library) (6.31.1)
Requirement already satisfied: proto-plus<2.0.0,>=1.22.3 in /home/alber/env/lib/python3.11/site-packages (from google-api-core>=2.24.1->gcp_library) (1.26.1)
Requirement already satisfied: requests<3.0.0,>=2.18.0 in /home/alber/env/lib/python3.11/site-packages (from google-api-core>=2.24.1->gcp_library) (2.32.4)
Requirement already satisfied: cachetools<6.0,>=2.0.0 in /home/alber/env/lib/python3.11/site-packages (from google-auth>=2.38.0->gcp_library) (5.5.2)
Requirement already satisfied: pyasn1-modules>=0.2.1 in /home/alber/env/lib/python3.11/site-packages (from google-auth>=2.38.0->gcp_library) (0.4.2)
Requirement already satisfied: rsa<5,>=3.1.4 in /home/alber/env/lib/python3.11/site-packages (from google-auth>=2.38.0->gcp_library) (4.9.1)
Requirement already satisfied: google-cloud-core<3.0.0,>=2.4.2 in /home/alber/env/lib/python3.11/site-packages (from google-cloud-storage>=2.5.0->gcp_library) (2.4.3)
Requirement already satisfied: google-resumable-media<3.0.0,>=2.7.2 in /home/alber/env/lib/python3.11/site-packages (from google-cloud-storage>=2.5.0->gcp_library) (2.7.2)
Requirement already satisfied: google-crc32c<2.0.0,>=1.1.3 in /home/alber/env/lib/python3.11/site-packages (from google-cloud-storage>=2.5.0->gcp_library) (1.7.1)
Requirement already satisfied: alembic>=1.5.0 in /home/alber/env/lib/python3.11/site-packages (from optuna>=3.0.0->gcp_library) (1.16.4)
Requirement already satisfied: colorlog in /home/alber/env/lib/python3.11/site-packages (from optuna>=3.0.0->gcp_library) (6.9.0)
Requirement already satisfied: packaging>=20.0 in /home/alber/env/lib/python3.11/site-packages (from optuna>=3.0.0->gcp_library) (25.0)
Requirement already satisfied: sqlalchemy>=1.4.2 in /home/alber/env/lib/python3.11/site-packages (from optuna>=3.0.0->gcp_library) (2.0.41)
Requirement already satisfied: tqdm in /home/alber/env/lib/python3.11/site-packages (from optuna>=3.0.0->gcp_library) (4.67.1)
Requirement already satisfied: scipy>=1.8.0 in /home/alber/env/lib/python3.11/site-packages (from scikit-learn>=1.0.0->gcp_library) (1.16.0)
Requirement already satisfied: joblib>=1.2.0 in /home/alber/env/lib/python3.11/site-packages (from scikit-learn>=1.0.0->gcp_library) (1.5.1)
Requirement already satisfied: threadpoolctl>=3.1.0 in /home/alber/env/lib/python3.11/site-packages (from scikit-learn>=1.0.0->gcp_library) (3.6.0)
Requirement already satisfied: Mako in /home/alber/env/lib/python3.11/site-packages (from alembic>=1.5.0->optuna>=3.0.0->gcp_library) (1.3.10)
Requirement already satisfied: typing-extensions>=4.12 in /home/alber/env/lib/python3.11/site-packages (from alembic>=1.5.0->optuna>=3.0.0->gcp_library) (4.14.1)
Requirement already satisfied: python-dateutil<3.0.0,>=2.1 in /home/alber/env/lib/python3.11/site-packages (from botocore<1.40.0,>=1.39.9->boto3>=1.26.0->gcp_library) (2.9.0.post0)
Requirement already satisfied: urllib3!=2.2.0,<3,>=1.25.4 in /home/alber/env/lib/python3.11/site-packages (from botocore<1.40.0,>=1.39.9->boto3>=1.26.0->gcp_library) (2.5.0)
Requirement already satisfied: grpcio<2.0.0,>=1.33.2 in /home/alber/env/lib/python3.11/site-packages (from google-api-core>=2.24.1->gcp_library) (1.73.1)
Requirement already satisfied: grpcio-status<2.0.0,>=1.33.2 in /home/alber/env/lib/python3.11/site-packages (from google-api-core>=2.24.1->gcp_library) (1.73.1)
Requirement already satisfied: pyasn1<0.7.0,>=0.6.1 in /home/alber/env/lib/python3.11/site-packages (from pyasn1-modules>=0.2.1->google-auth>=2.38.0->gcp_library) (0.6.1)
Requirement already satisfied: charset_normalizer<4,>=2 in /home/alber/env/lib/python3.11/site-packages (from requests<3.0.0,>=2.18.0->google-api-core>=2.24.1->gcp_library) (3.4.2)
Requirement already satisfied: idna<4,>=2.5 in /home/alber/env/lib/python3.11/site-packages (from requests<3.0.0,>=2.18.0->google-api-core>=2.24.1->gcp_library) (3.10)
Requirement already satisfied: certifi>=2017.4.17 in /home/alber/env/lib/python3.11/site-packages (from requests<3.0.0,>=2.18.0->google-api-core>=2.24.1->gcp_library) (2025.7.14)
Requirement already satisfied: greenlet>=1 in /home/alber/env/lib/python3.11/site-packages (from sqlalchemy>=1.4.2->optuna>=3.0.0->gcp_library) (3.2.3)
Requirement already satisfied: six>=1.5 in /home/alber/env/lib/python3.11/site-packages (from python-dateutil<3.0.0,>=2.1->botocore<1.40.0,>=1.39.9->boto3>=1.26.0->gcp_library) (1.17.0)
Requirement already satisfied: MarkupSafe>=0.9.2 in /home/alber/env/lib/python3.11/site-packages (from Mako->alembic>=1.5.0->optuna>=3.0.0->gcp_library) (3.0.2)
Installing collected packages: gcp_library
  Attempting uninstall: gcp_library
    Found existing installation: gcp-library 0.1.0
    Uninstalling gcp-library-0.1.0:
      Successfully uninstalled gcp-library-0.1.0
  Running setup.py develop for gcp_library
Successfully installed gcp_library-0.1.0
